This file contains any messages produced by compilers while
running configure, to aid debugging if configure makes a mistake.

It was created by libble++ configure version-0.5, which was
generated by GNU Autoconf 2.69.  Invocation command line was

  $ ./configure 

## --------- ##
## Platform. ##
## --------- ##

hostname = CHGE99
uname -m = armv7l
uname -r = 4.19.113-v7+
uname -s = Linux
uname -v = #2 SMP Thu Apr 2 15:10:30 CEST 2020

/usr/bin/uname -p = unknown
/bin/uname -X     = unknown

/bin/arch              = unknown
/usr/bin/arch -k       = unknown
/usr/convex/getsysinfo = unknown
/usr/bin/hostinfo      = unknown
/bin/machine           = unknown
/usr/bin/oslevel       = unknown
/bin/universe          = unknown

PATH: /usr/local/sbin
PATH: /usr/local/bin
PATH: /usr/sbin
PATH: /usr/bin
PATH: /sbin
PATH: /bin


## ----------- ##
## Core tests. ##
## ----------- ##

configure:2082: checking for g++
configure:2098: found /usr/bin/g++
configure:2109: result: g++
configure:2136: checking for C++ compiler version
configure:2145: g++ --version >&5
g++ (Raspbian 8.3.0-6+rpi1) 8.3.0
Copyright (C) 2018 Free Software Foundation, Inc.
This is free software; see the source for copying conditions.  There is NO
warranty; not even for MERCHANTABILITY or FITNESS FOR A PARTICULAR PURPOSE.

configure:2156: $? = 0
configure:2145: g++ -v >&5
Using built-in specs.
COLLECT_GCC=g++
COLLECT_LTO_WRAPPER=/usr/lib/gcc/arm-linux-gnueabihf/8/lto-wrapper
Target: arm-linux-gnueabihf
Configured with: ../src/configure -v --with-pkgversion='Raspbian 8.3.0-6+rpi1' --with-bugurl=file:///usr/share/doc/gcc-8/README.Bugs --enable-languages=c,ada,c++,go,d,fortran,objc,obj-c++ --prefix=/usr --with-gcc-major-version-only --program-suffix=-8 --program-prefix=arm-linux-gnueabihf- --enable-shared --enable-linker-build-id --libexecdir=/usr/lib --without-included-gettext --enable-threads=posix --libdir=/usr/lib --enable-nls --enable-bootstrap --enable-clocale=gnu --enable-libstdcxx-debug --enable-libstdcxx-time=yes --with-default-libstdcxx-abi=new --enable-gnu-unique-object --disable-libitm --disable-libquadmath --disable-libquadmath-support --enable-plugin --with-system-zlib --with-target-system-zlib --enable-objc-gc=auto --enable-multiarch --disable-sjlj-exceptions --with-arch=armv6 --with-fpu=vfp --with-float=hard --disable-werror --enable-checking=release --build=arm-linux-gnueabihf --host=arm-linux-gnueabihf --target=arm-linux-gnueabihf
Thread model: posix
gcc version 8.3.0 (Raspbian 8.3.0-6+rpi1) 
configure:2156: $? = 0
configure:2145: g++ -V >&5
g++: error: unrecognized command line option '-V'
g++: fatal error: no input files
compilation terminated.
configure:2156: $? = 1
configure:2145: g++ -qversion >&5
g++: error: unrecognized command line option '-qversion'; did you mean '--version'?
g++: fatal error: no input files
compilation terminated.
configure:2156: $? = 1
configure:2176: checking whether the C++ compiler works
configure:2198: g++    conftest.cpp  >&5
configure:2202: $? = 0
configure:2250: result: yes
configure:2253: checking for C++ compiler default output file name
configure:2255: result: a.out
configure:2261: checking for suffix of executables
configure:2268: g++ -o conftest    conftest.cpp  >&5
configure:2272: $? = 0
configure:2294: result: 
configure:2316: checking whether we are cross compiling
configure:2324: g++ -o conftest    conftest.cpp  >&5
configure:2328: $? = 0
configure:2335: ./conftest
configure:2339: $? = 0
configure:2327: result: no
configure:2332: checking for suffix of object files
configure:2354: g++ -c   conftest.cpp >&5
configure:2358: $? = 0
configure:2379: result: o
configure:2383: checking whether we are using the GNU C++ compiler
configure:2402: g++ -c   conftest.cpp >&5
configure:2402: $? = 0
configure:2411: result: yes
configure:2420: checking whether g++ accepts -g
configure:2440: g++ -c -g  conftest.cpp >&5
configure:2440: $? = 0
configure:2481: result: yes
configure:2570: checking if compiler flag -Wall works
configure:2586: g++ -c -g -O2 -Wall  conftest.cpp >&5
configure:2586: $? = 0
configure:2599: result: yes
configure:2612: checking if compiler flag -Wextra works
configure:2627: g++ -c -g -O2 -Wall -Wextra  conftest.cpp >&5
configure:2627: $? = 0
configure:2640: result: yes
configure:2653: checking if compiler flag -W works
configure:2668: g++ -c -g -O2 -Wall -Wextra -W  conftest.cpp >&5
configure:2668: $? = 0
configure:2681: result: yes
configure:2694: checking if compiler flag -O3 works
configure:2709: g++ -c -g -O2 -Wall -Wextra -W -O3  conftest.cpp >&5
configure:2709: $? = 0
configure:2722: result: yes
configure:2735: checking if compiler flag -ggdb works
configure:2750: g++ -c -g -O2 -Wall -Wextra -W -O3 -ggdb  conftest.cpp >&5
configure:2750: $? = 0
configure:2763: result: yes
configure:2782: checking whether g++ supports C++14 features by default
configure:2842: g++ -c -g -O2 -Wall -Wextra -W -O3 -ggdb  conftest.cpp >&5
configure:2842: $? = 0
configure:2849: result: yes
configure:3054: checking for pkg-config
configure:3072: found /usr/bin/pkg-config
configure:3084: result: /usr/bin/pkg-config
configure:3099: checking for sed
configure:3115: found /bin/sed
configure:3127: result: sed
configure:3135: checking for pkg-config library dir
configure:3139: result: ${exec_prefix}/lib/pkgconfig
configure:3156: checking how to run the C++ preprocessor
configure:3183: g++ -E  conftest.cpp
configure:3183: $? = 0
configure:3197: g++ -E  conftest.cpp
conftest.cpp:9:10: fatal error: ac_nonexistent.h: No such file or directory
 #include <ac_nonexistent.h>
          ^~~~~~~~~~~~~~~~~~
compilation terminated.
configure:3197: $? = 1
configure: failed program was:
| /* confdefs.h */
| #define PACKAGE_NAME "libble++"
| #define PACKAGE_TARNAME "libble--"
| #define PACKAGE_VERSION "version-0.5"
| #define PACKAGE_STRING "libble++ version-0.5"
| #define PACKAGE_BUGREPORT ""
| #define PACKAGE_URL ""
| /* end confdefs.h.  */
| #include <ac_nonexistent.h>
configure:3222: result: g++ -E
configure:3242: g++ -E  conftest.cpp
configure:3242: $? = 0
configure:3256: g++ -E  conftest.cpp
conftest.cpp:9:10: fatal error: ac_nonexistent.h: No such file or directory
 #include <ac_nonexistent.h>
          ^~~~~~~~~~~~~~~~~~
compilation terminated.
configure:3256: $? = 1
configure: failed program was:
| /* confdefs.h */
| #define PACKAGE_NAME "libble++"
| #define PACKAGE_TARNAME "libble--"
| #define PACKAGE_VERSION "version-0.5"
| #define PACKAGE_STRING "libble++ version-0.5"
| #define PACKAGE_BUGREPORT ""
| #define PACKAGE_URL ""
| /* end confdefs.h.  */
| #include <ac_nonexistent.h>
configure:3285: checking for grep that handles long lines and -e
configure:3343: result: /bin/grep
configure:3348: checking for egrep
configure:3410: result: /bin/grep -E
configure:3415: checking for ANSI C header files
configure:3435: g++ -c -g -O2 -Wall -Wextra -W -O3 -ggdb  conftest.cpp >&5
configure:3435: $? = 0
configure:3508: g++ -o conftest -g -O2 -Wall -Wextra -W -O3 -ggdb   conftest.cpp  >&5
configure:3508: $? = 0
configure:3508: ./conftest
configure:3508: $? = 0
configure:3519: result: yes
configure:3532: checking for sys/types.h
configure:3532: g++ -c -g -O2 -Wall -Wextra -W -O3 -ggdb  conftest.cpp >&5
configure:3532: $? = 0
configure:3532: result: yes
configure:3532: checking for sys/stat.h
configure:3532: g++ -c -g -O2 -Wall -Wextra -W -O3 -ggdb  conftest.cpp >&5
configure:3532: $? = 0
configure:3532: result: yes
configure:3532: checking for stdlib.h
configure:3532: g++ -c -g -O2 -Wall -Wextra -W -O3 -ggdb  conftest.cpp >&5
configure:3532: $? = 0
configure:3532: result: yes
configure:3532: checking for string.h
configure:3532: g++ -c -g -O2 -Wall -Wextra -W -O3 -ggdb  conftest.cpp >&5
configure:3532: $? = 0
configure:3532: result: yes
configure:3532: checking for memory.h
configure:3532: g++ -c -g -O2 -Wall -Wextra -W -O3 -ggdb  conftest.cpp >&5
configure:3532: $? = 0
configure:3532: result: yes
configure:3532: checking for strings.h
configure:3532: g++ -c -g -O2 -Wall -Wextra -W -O3 -ggdb  conftest.cpp >&5
configure:3532: $? = 0
configure:3532: result: yes
configure:3532: checking for inttypes.h
configure:3532: g++ -c -g -O2 -Wall -Wextra -W -O3 -ggdb  conftest.cpp >&5
configure:3532: $? = 0
configure:3532: result: yes
configure:3532: checking for stdint.h
configure:3532: g++ -c -g -O2 -Wall -Wextra -W -O3 -ggdb  conftest.cpp >&5
configure:3532: $? = 0
configure:3532: result: yes
configure:3532: checking for unistd.h
configure:3532: g++ -c -g -O2 -Wall -Wextra -W -O3 -ggdb  conftest.cpp >&5
configure:3532: $? = 0
configure:3532: result: yes
configure:3544: checking bluetooth/bluetooth.h usability
configure:3544: g++ -c -g -O2 -Wall -Wextra -W -O3 -ggdb  conftest.cpp >&5
configure:3544: $? = 0
configure:3544: result: yes
configure:3544: checking bluetooth/bluetooth.h presence
configure:3544: g++ -E  conftest.cpp
configure:3544: $? = 0
configure:3544: result: yes
configure:3544: checking for bluetooth/bluetooth.h
configure:3544: result: yes
configure:3552: checking for library containing hci_open_dev
configure:3583: g++ -o conftest -g -O2 -Wall -Wextra -W -O3 -ggdb   conftest.cpp  >&5
/usr/bin/ld: /tmp/ccyYHYpX.o: in function `main':
/home/test/libblepp-master/conftest.cpp:30: undefined reference to `hci_open_dev'
collect2: error: ld returned 1 exit status
configure:3583: $? = 1
configure: failed program was:
| /* confdefs.h */
| #define PACKAGE_NAME "libble++"
| #define PACKAGE_TARNAME "libble--"
| #define PACKAGE_VERSION "version-0.5"
| #define PACKAGE_STRING "libble++ version-0.5"
| #define PACKAGE_BUGREPORT ""
| #define PACKAGE_URL ""
| #define STDC_HEADERS 1
| #define HAVE_SYS_TYPES_H 1
| #define HAVE_SYS_STAT_H 1
| #define HAVE_STDLIB_H 1
| #define HAVE_STRING_H 1
| #define HAVE_MEMORY_H 1
| #define HAVE_STRINGS_H 1
| #define HAVE_INTTYPES_H 1
| #define HAVE_STDINT_H 1
| #define HAVE_UNISTD_H 1
| /* end confdefs.h.  */
| 
| /* Override any GCC internal prototype to avoid an error.
|    Use char because int might match the return type of a GCC
|    builtin and then its argument prototype would still apply.  */
| #ifdef __cplusplus
| extern "C"
| #endif
| char hci_open_dev ();
| int
| main ()
| {
| return hci_open_dev ();
|   ;
|   return 0;
| }
configure:3583: g++ -o conftest -g -O2 -Wall -Wextra -W -O3 -ggdb   conftest.cpp -lbluetooth   >&5
configure:3583: $? = 0
configure:3600: result: -lbluetooth
configure:3616: checking boost/optional.hpp usability
configure:3616: g++ -c -g -O2 -Wall -Wextra -W -O3 -ggdb  conftest.cpp >&5
configure:3616: $? = 0
configure:3616: result: yes
configure:3616: checking boost/optional.hpp presence
configure:3616: g++ -E  conftest.cpp
configure:3616: $? = 0
configure:3616: result: yes
configure:3616: checking for boost/optional.hpp
configure:3616: result: yes
configure:3630: checking if compiler flag -fPIC works
configure:3645: g++ -c -g -O2 -Wall -Wextra -W -O3 -ggdb -fPIC  conftest.cpp >&5
configure:3645: $? = 0
configure:3658: result: yes
configure:3813: creating ./config.status

## ---------------------- ##
## Running config.status. ##
## ---------------------- ##

This file was extended by libble++ config.status version-0.5, which was
generated by GNU Autoconf 2.69.  Invocation command line was

  CONFIG_FILES    = 
  CONFIG_HEADERS  = 
  CONFIG_LINKS    = 
  CONFIG_COMMANDS = 
  $ ./config.status 

on CHGE99

config.status:725: creating libblepp.pc
config.status:725: creating Makefile

## ---------------- ##
## Cache variables. ##
## ---------------- ##

ac_cv_cxx_compiler_gnu=yes
ac_cv_env_CCC_set=
ac_cv_env_CCC_value=
ac_cv_env_CPPFLAGS_set=
ac_cv_env_CPPFLAGS_value=
ac_cv_env_CXXCPP_set=
ac_cv_env_CXXCPP_value=
ac_cv_env_CXXFLAGS_set=
ac_cv_env_CXXFLAGS_value=
ac_cv_env_CXX_set=
ac_cv_env_CXX_value=
ac_cv_env_LDFLAGS_set=
ac_cv_env_LDFLAGS_value=
ac_cv_env_LIBS_set=
ac_cv_env_LIBS_value=
ac_cv_env_build_alias_set=
ac_cv_env_build_alias_value=
ac_cv_env_host_alias_set=
ac_cv_env_host_alias_value=
ac_cv_env_target_alias_set=
ac_cv_env_target_alias_value=
ac_cv_header_bluetooth_bluetooth_h=yes
ac_cv_header_boost_optional_hpp=yes
ac_cv_header_inttypes_h=yes
ac_cv_header_memory_h=yes
ac_cv_header_stdc=yes
ac_cv_header_stdint_h=yes
ac_cv_header_stdlib_h=yes
ac_cv_header_string_h=yes
ac_cv_header_strings_h=yes
ac_cv_header_sys_stat_h=yes
ac_cv_header_sys_types_h=yes
ac_cv_header_unistd_h=yes
ac_cv_objext=o
ac_cv_path_EGREP='/bin/grep -E'
ac_cv_path_GREP=/bin/grep
ac_cv_path_PKG_CONFIG=/usr/bin/pkg-config
ac_cv_prog_CXXCPP='g++ -E'
ac_cv_prog_SED=sed
ac_cv_prog_ac_ct_CXX=g++
ac_cv_prog_cxx_g=yes
ac_cv_search_hci_open_dev=-lbluetooth
ax_cv_cxx_compile_cxx14=yes

## ----------------- ##
## Output variables. ##
## ----------------- ##

CPPFLAGS=''
CXX='g++'
CXXCPP='g++ -E'
CXXFLAGS='-g -O2 -Wall -Wextra -W -O3 -ggdb -fPIC'
DEFS='-DPACKAGE_NAME=\"libble++\" -DPACKAGE_TARNAME=\"libble--\" -DPACKAGE_VERSION=\"version-0.5\" -DPACKAGE_STRING=\"libble++\ version-0.5\" -DPACKAGE_BUGREPORT=\"\" -DPACKAGE_URL=\"\" -DSTDC_HEADERS=1 -DHAVE_SYS_TYPES_H=1 -DHAVE_SYS_STAT_H=1 -DHAVE_STDLIB_H=1 -DHAVE_STRING_H=1 -DHAVE_MEMORY_H=1 -DHAVE_STRINGS_H=1 -DHAVE_INTTYPES_H=1 -DHAVE_STDINT_H=1 -DHAVE_UNISTD_H=1'
ECHO_C=''
ECHO_N='-n'
ECHO_T=''
EGREP='/bin/grep -E'
EXEEXT=''
GREP='/bin/grep'
HAVE_CXX14=''
LDFLAGS=''
LIBOBJS=''
LIBS='-lbluetooth '
LTLIBOBJS=''
OBJEXT='o'
PACKAGE_BUGREPORT=''
PACKAGE_NAME='libble++'
PACKAGE_STRING='libble++ version-0.5'
PACKAGE_TARNAME='libble--'
PACKAGE_URL=''
PACKAGE_VERSION='version-0.5'
PATH_SEPARATOR=':'
PKGCONFIG_LIBDIR='${exec_prefix}/lib/pkgconfig'
PKG_CONFIG='/usr/bin/pkg-config'
SED='sed'
SHELL='/bin/bash'
VERSION='version-0.5'
ac_ct_CXX='g++'
bindir='${exec_prefix}/bin'
build_alias=''
datadir='${datarootdir}'
datarootdir='${prefix}/share'
docdir='${datarootdir}/doc/${PACKAGE_TARNAME}'
dvidir='${docdir}'
exec_prefix='${prefix}'
host_alias=''
htmldir='${docdir}'
includedir='${prefix}/include'
infodir='${datarootdir}/info'
libdir='${exec_prefix}/lib'
libexecdir='${exec_prefix}/libexec'
localedir='${datarootdir}/locale'
localstatedir='${prefix}/var'
mandir='${datarootdir}/man'
oldincludedir='/usr/include'
pdfdir='${docdir}'
prefix='/usr/local'
program_transform_name='s,x,x,'
psdir='${docdir}'
sbindir='${exec_prefix}/sbin'
sharedstatedir='${prefix}/com'
sysconfdir='${prefix}/etc'
target_alias=''

## ----------- ##
## confdefs.h. ##
## ----------- ##

/* confdefs.h */
#define PACKAGE_NAME "libble++"
#define PACKAGE_TARNAME "libble--"
#define PACKAGE_VERSION "version-0.5"
#define PACKAGE_STRING "libble++ version-0.5"
#define PACKAGE_BUGREPORT ""
#define PACKAGE_URL ""
#define STDC_HEADERS 1
#define HAVE_SYS_TYPES_H 1
#define HAVE_SYS_STAT_H 1
#define HAVE_STDLIB_H 1
#define HAVE_STRING_H 1
#define HAVE_MEMORY_H 1
#define HAVE_STRINGS_H 1
#define HAVE_INTTYPES_H 1
#define HAVE_STDINT_H 1
#define HAVE_UNISTD_H 1

configure: exit 0
